2026-03-25 10:48:55 - EXTRACT MODULE - INFO - Starting Download for 2024-09...
2026-03-25 10:48:55 - EXTRACT MODULE - DEBUG - URL: https://d37ci6vzurychx.cloudfront.net/trip-data/yellow_tripdata_2024-09.parquet
2026-03-25 10:48:55 - urllib3.connectionpool - DEBUG - Starting new HTTPS connection (1): d37ci6vzurychx.cloudfront.net:443
2026-03-25 10:48:55 - urllib3.connectionpool - DEBUG - https://d37ci6vzurychx.cloudfront.net:443 "GET /trip-data/yellow_tripdata_2024-09.parquet HTTP/1.1" 200 61170186
2026-03-25 10:49:38 - EXTRACT MODULE - INFO - Download Completed! Saved to path data/raw\yellow_taxi_tripdata_2024-09.parquet.
2026-03-25 11:03:13 - EXTRACT MODULE - INFO - Starting Download for 2024-08...
2026-03-25 11:03:13 - EXTRACT MODULE - DEBUG - URL: https://d37ci6vzurychx.cloudfront.net/trip-data/yellow_tripdata_2024-08.parquet
2026-03-25 11:03:13 - urllib3.connectionpool - DEBUG - Starting new HTTPS connection (1): d37ci6vzurychx.cloudfront.net:443
2026-03-25 11:03:14 - urllib3.connectionpool - DEBUG - https://d37ci6vzurychx.cloudfront.net:443 "GET /trip-data/yellow_tripdata_2024-08.parquet HTTP/1.1" 200 51067350
2026-03-25 11:03:50 - EXTRACT MODULE - INFO - Download Completed! Saved to path data/raw\yellow_tripdata_2024-08.parquet.
2026-03-26 12:45:11 - TRANSFORM MODULE - INFO - Reading Data from Raw File: ..data/raw/yellow_tripdata_2024-08.parquet...
2026-03-26 12:46:42 - TRANSFORM MODULE - INFO - Reading Data from Raw File: data/raw/yellow_tripdata_2024-08.parquet...
2026-03-26 12:46:49 - TRANSFORM MODULE - INFO - Transformed File Saved to ../data/transformed\yellow_tripdata_2024-08.parquet.
2026-03-26 12:47:53 - TRANSFORM MODULE - INFO - Reading Data from Raw File: data/raw/yellow_tripdata_2024-08.parquet...
2026-03-26 12:47:58 - TRANSFORM MODULE - INFO - Transformed File Saved to /data/transformed\yellow_tripdata_2024-08.parquet.
2026-03-26 12:50:22 - TRANSFORM MODULE - INFO - Reading Data from Raw File: data/raw/yellow_tripdata_2024-08.parquet...
2026-03-26 12:50:27 - TRANSFORM MODULE - INFO - Transformed File Saved to data/transformed\yellow_tripdata_2024-08.parquet.
2026-03-26 14:41:20 - LOAD MODULE - INFO - Generating Insights...
2026-03-26 14:43:04 - LOAD MODULE - INFO - Generating Insights...
2026-03-26 14:51:07 - LOAD MODULE - INFO - Generating Insights...
2026-03-26 14:51:07 - LOAD MODULE - INFO - Insights Saved data/insights
2026-03-26 15:10:51 - LOAD MODULE - INFO - Generating Insights...
2026-03-26 15:10:51 - LOAD MODULE - INFO - Insights Saved data/insights
2026-03-26 15:13:39 - LOAD MODULE - INFO - Generating Insights...
2026-03-26 15:13:39 - LOAD MODULE - INFO - Insights Saved data/insights
2026-03-27 19:18:02 - LOAD MODULE - INFO - Generating Insights...
2026-03-27 19:18:02 - LOAD MODULE - INFO - Insights Saved data/insights
